0 info it worked if it ends with ok
1 verbose cli [ 'C:\\Program Files (x86)\\nodejs\\\\node.exe',
1 verbose cli   'C:\\Program Files (x86)\\nodejs\\node_modules\\npm\\bin\\npm-cli.js',
1 verbose cli   'version',
1 verbose cli   'patch' ]
2 info using npm@1.4.28
3 info using node@v0.10.33
4 verbose node symlink C:\Program Files (x86)\nodejs\\node.exe
5 error Error: Git working directory not clean.
5 error D .idea/ProductionTalapa.iml
5 error M .idea/Talapa.iml
5 error M .idea/jsLibraryMappings.xml
5 error D .idea/libraries/ProductionTalapa_node_modules.xml
5 error D .idea/misc.xml
5 error M .idea/workspace.xml
5 error D lib/languageChooser.js
5 error D lib/sass.js
5 error D lib/xmlCompiler.js
5 error D node_modules/.bin/mkdirp
5 error D node_modules/.bin/mkdirp.cmd
5 error D node_modules/.bin/rimraf
5 error D node_modules/.bin/rimraf.cmd
5 error D node_modules/.bin/talapa
5 error D node_modules/.bin/talapa.cmd
5 error D node_modules/node-sass/node_modules/meow/node_modules/object-assign/index.js
5 error D node_modules/node-sass/node_modules/meow/node_modules/object-assign/package.json
5 error D node_modules/node-sass/node_modules/meow/node_modules/object-assign/readme.md
5 error D node_modules/node-sass/node_modules/nan/.nan.h.un~
5 error D node_modules/node-sass/node_modules/nan/build/config.gypi
5 error D node_modules/node-sass/node_modules/nan/nan.h.orig
5 error D node_modules/node-sass/node_modules/request/lib/debug.js
5 error D node_modules/node-sass/node_modules/request/node_modules/form-data/node_modules/mime-types/HISTORY.md
5 error D node_modules/node-sass/node_modules/request/node_modules/form-data/node_modules/mime-types/LICENSE
5 error D node_modules/node-sass/node_modules/request/node_modules/form-data/node_modules/mime-types/README.md
5 error D node_modules/node-sass/node_modules/request/node_modules/form-data/node_modules/mime-types/index.js
5 error D node_modules/node-sass/node_modules/request/node_modules/form-data/node_modules/mime-types/node_modules/mime-db/HISTORY.md
5 error D node_modules/node-sass/node_modules/request/node_modules/form-data/node_modules/mime-types/node_modules/mime-db/LICENSE
5 error D node_modules/node-sass/node_modules/request/node_modules/form-data/node_modules/mime-types/node_modules/mime-db/README.md
5 error D node_modules/node-sass/node_modules/request/node_modules/form-data/node_modules/mime-types/node_modules/mime-db/db.json
5 error D node_modules/node-sass/node_modules/request/node_modules/form-data/node_modules/mime-types/node_modules/mime-db/index.js
5 error D node_modules/node-sass/node_modules/request/node_modules/form-data/node_modules/mime-types/node_modules/mime-db/package.json
5 error D node_modules/node-sass/node_modules/request/node_modules/form-data/node_modules/mime-types/package.json
5 error D node_modules/node-sass/node_modules/request/node_modules/mime-types/.npmignore
5 error D node_modules/node-sass/node_modules/request/node_modules/mime-types/.travis.yml
5 error D node_modules/node-sass/node_modules/request/node_modules/mime-types/Makefile
5 error D node_modules/node-sass/node_modules/request/node_modules/mime-types/SOURCES.md
5 error D node_modules/node-sass/node_modules/request/node_modules/mime-types/component.json
5 error D node_modules/node-sass/node_modules/request/node_modules/mime-types/lib/custom.json
5 error D node_modules/node-sass/node_modules/request/node_modules/mime-types/lib/index.js
5 error D node_modules/node-sass/node_modules/request/node_modules/mime-types/lib/mime.json
5 error D node_modules/node-sass/node_modules/request/node_modules/mime-types/lib/node.json
5 error D node_modules/node-sass/test/fixtures/spec/spec/basic/12_pseudo_classes_and_elements/expected_output.css
5 error D node_modules/node-sass/test/fixtures/spec/spec/basic/12_pseudo_classes_and_elements/input.scss
5 error D node_modules/node-sass/test/fixtures/spec/spec/basic/12_pseudo_classes_and_elements/notes.txt
5 error D node_modules/node-sass/test/fixtures/spec/spec/basic/25_basic_string_interpolation/expected_output.css
5 error D node_modules/node-sass/test/fixtures/spec/spec/basic/25_basic_string_interpolation/input.scss
5 error D node_modules/node-sass/test/fixtures/spec/spec/basic/38_expressions_in_at_directives/expected_output.css
5 error D node_modules/node-sass/test/fixtures/spec/spec/basic/38_expressions_in_at_directives/input.scss
5 error D node_modules/node-sass/test/fixtures/spec/spec/basic/42_css_imports/expected_output.css
5 error D node_modules/node-sass/test/fixtures/spec/spec/basic/42_css_imports/input.scss
5 error D node_modules/node-sass/test/fixtures/spec/spec/extend-tests/180_test_basic_extend_loop/expected_output.css
5 error D node_modules/node-sass/test/fixtures/spec/spec/extend-tests/180_test_basic_extend_loop/input.scss
5 error D node_modules/node-sass/test/fixtures/spec/spec/extend-tests/181_test_three_level_extend_loop/expected_output.css
5 error D node_modules/node-sass/test/fixtures/spec/spec/extend-tests/181_test_three_level_extend_loop/input.scss
5 error D node_modules/node-sass/test/fixtures/spec/spec/libsass-todo-issues/issue_185/expected_output.css
5 error D node_modules/node-sass/test/fixtures/spec/spec/libsass-todo-issues/issue_185/input.scss
5 error D node_modules/node-sass/test/fixtures/spec/spec/libsass-todo-issues/issue_353/expected_output.css
5 error D node_modules/node-sass/test/fixtures/spec/spec/libsass-todo-issues/issue_353/input.scss
5 error D node_modules/node-sass/test/fixtures/spec/spec/libsass-todo-issues/issue_502/expected_output.css
5 error D node_modules/node-sass/test/fixtures/spec/spec/libsass-todo-issues/issue_502/input.scss
5 error D node_modules/node-sass/test/fixtures/spec/spec/libsass-todo-issues/issue_590/expected_output.css
5 error D node_modules/node-sass/test/fixtures/spec/spec/libsass-todo-issues/issue_590/input.scss
5 error D node_modules/node-sass/test/fixtures/spec/spec/libsass-todo-issues/issue_644/expected_output.css
5 error D node_modules/node-sass/test/fixtures/spec/spec/libsass-todo-issues/issue_644/input.scss
5 error D node_modules/node-sass/test/fixtures/spec/spec/libsass-todo-tests/15_arithmetic_and_lists/expected_output.css
5 error D node_modules/node-sass/test/fixtures/spec/spec/libsass-todo-tests/15_arithmetic_and_lists/input.scss
5 error D node_modules/node-sass/test/fixtures/spec/spec/libsass-todo-tests/basic/44_not_number_expression/expected_output.css
5 error D node_modules/node-sass/test/fixtures/spec/spec/libsass-todo-tests/basic/44_not_number_expression/input.scss
5 error D node_modules/node-sass/test/fixtures/spec/spec/libsass-todo-tests/bourbon/expected_output.css
5 error D node_modules/node-sass/test/fixtures/spec/spec/libsass-todo-tests/bourbon/input.scss
5 error D node_modules/node-sass/test/fixtures/spec/spec/libsass-todo-tests/bourbon/lib/_bourbon-deprecated-upcoming.scss
5 error D node_modules/node-sass/test/fixtures/spec/spec/libsass-todo-tests/bourbon/lib/_bourbon.scss
5 error D node_modules/node-sass/test/fixtures/spec/spec/libsass-todo-tests/bourbon/lib/addons/_button.scss
5 error D node_modules/node-sass/test/fixtures/spec/spec/libsass-todo-tests/bourbon/lib/addons/_clearfix.scss
5 error D node_modules/node-sass/test/fixtures/spec/spec/libsass-todo-tests/bourbon/lib/addons/_font-family.scss
5 error D node_modules/node-sass/test/fixtures/spec/spec/libsass-todo-tests/bourbon/lib/addons/_hide-text.scss
5 error D node_modules/node-sass/test/fixtures/spec/spec/libsass-todo-tests/bourbon/lib/addons/_html5-input-types.scss
5 error D node_modules/node-sass/test/fixtures/spec/spec/libsass-todo-tests/bourbon/lib/addons/_position.scss
5 error D node_modules/node-sass/test/fixtures/spec/spec/libsass-todo-tests/bourbon/lib/addons/_prefixer.scss
5 error D node_modules/node-sass/test/fixtures/spec/spec/libsass-todo-tests/bourbon/lib/addons/_retina-image.scss
5 error D node_modules/node-sass/test/fixtures/spec/spec/libsass-todo-tests/bourbon/lib/addons/_size.scss
5 error D node_modules/node-sass/test/fixtures/spec/spec/libsass-todo-tests/bourbon/lib/addons/_timing-functions.scss
5 error D node_modules/node-sass/test/fixtures/spec/spec/libsass-todo-tests/bourbon/lib/addons/_triangle.scss
5 error D node_modules/node-sass/test/fixtures/spec/spec/libsass-todo-tests/bourbon/lib/css3/_animation.scss
5 error D node_modules/node-sass/test/fixtures/spec/spec/libsass-todo-tests/bourbon/lib/css3/_appearance.scss
5 error D node_modules/node-sass/test/fixtures/spec/spec/libsass-todo-tests/bourbon/lib/css3/_backface-visibility.scss
5 error D node_modules/node-sass/test/fixtures/spec/spec/libsass-todo-tests/bourbon/lib/css3/_background-image.scss
5 error D node_modules/node-sass/test/fixtures/spec/spec/libsass-todo-tests/bourbon/lib/css3/_background.scss
5 error D node_modules/node-sass/test/fixtures/spec/spec/libsass-todo-tests/bourbon/lib/css3/_border-image.scss
5 error D node_modules/node-sass/test/fixtures/spec/spec/libsass-todo-tests/bourbon/lib/css3/_border-radius.scss
5 error D node_modules/node-sass/test/fixtures/spec/spec/libsass-todo-tests/bourbon/lib/css3/_box-sizing.scss
5 error D node_modules/node-sass/test/fixtures/spec/spec/libsass-todo-tests/bourbon/lib/css3/_columns.scss
5 error D node_modules/node-sass/test/fixtures/spec/spec/libsass-todo-tests/bourbon/lib/css3/_flex-box.scss
5 error D node_modules/node-sass/test/fixtures/spec/spec/libsass-todo-tests/bourbon/lib/css3/_font-face.scss
5 error D node_modules/node-sass/test/fixtures/spec/spec/libsass-todo-tests/bourbon/lib/css3/_hidpi-media-query.scss
5 error D node_modules/node-sass/test/fixtures/spec/spec/libsass-todo-tests/bourbon/lib/css3/_image-rendering.scss
5 error D node_modules/node-sass/test/fixtures/spec/spec/libsass-todo-tests/bourbon/lib/css3/_inline-block.scss
5 error D node_modules/node-sass/test/fixtures/spec/spec/libsass-todo-tests/bourbon/lib/css3/_keyframes.scss
5 error D node_modules/node-sass/test/fixtures/spec/spec/libsass-todo-tests/bourbon/lib/css3/_linear-gradient.scss
5 error D node_modules/node-sass/test/fixtures/spec/spec/libsass-todo-tests/bourbon/lib/css3/_perspective.scss
5 error D node_modules/node-sass/test/fixtures/spec/spec/libsass-todo-tests/bourbon/lib/css3/_placeholder.scss
5 error D node_modules/node-sass/test/fixtures/spec/spec/libsass-todo-tests/bourbon/lib/css3/_radial-gradient.scss
5 error D node_modules/node-sass/test/fixtures/spec/spec/libsass-todo-tests/bourbon/lib/css3/_transform.scss
5 error D node_modules/node-sass/test/fixtures/spec/spec/libsass-todo-tests/bourbon/lib/css3/_transition.scss
5 error D node_modules/node-sass/test/fixtures/spec/spec/libsass-todo-tests/bourbon/lib/css3/_user-select.scss
5 error D node_modules/node-sass/test/fixtures/spec/spec/libsass-todo-tests/bourbon/lib/functions/_compact.scss
5 error D node_modules/node-sass/test/fixtures/spec/spec/libsass-todo-tests/bourbon/lib/functions/_flex-grid.scss
5 error D node_modules/node-sass/test/fixtures/spec/spec/libsass-todo-tests/bourbon/lib/functions/_grid-width.scss
5 error D node_modules/node-sass/test/fixtures/spec/spec/libsass-todo-tests/bourbon/lib/functions/_linear-gradient.scss
5 error D node_modules/node-sass/test/fixtures/spec/spec/libsass-todo-tests/bourbon/lib/functions/_modular-scale.scss
5 error D node_modules/node-sass/test/fixtures/spec/spec/libsass-todo-tests/bourbon/lib/functions/_px-to-em.scss
5 error D node_modules/node-sass/test/fixtures/spec/spec/libsass-todo-tests/bourbon/lib/functions/_radial-gradient.scss
5 error D node_modules/node-sass/test/fixtures/spec/spec/libsass-todo-tests/bourbon/lib/functions/_tint-shade.scss
5 error D node_modules/node-sass/test/fixtures/spec/spec/libsass-todo-tests/bourbon/lib/functions/_transition-property-name.scss
5 error D node_modules/node-sass/test/fixtures/spec/spec/libsass-todo-tests/bourbon/lib/helpers/_deprecated-webkit-gradient.scss
5 error D node_modules/node-sass/test/fixtures/spec/spec/libsass-todo-tests/bourbon/lib/helpers/_gradient-positions-parser.scss
5 error D node_modules/node-sass/test/fixtures/spec/spec/libsass-todo-tests/bourbon/lib/helpers/_linear-positions-parser.scss
5 error D node_modules/node-sass/test/fixtures/spec/spec/libsass-todo-tests/bourbon/lib/helpers/_radial-arg-parser.scss
5 error D node_modules/node-sass/test/fixtures/spec/spec/libsass-todo-tests/bourbon/lib/helpers/_radial-positions-parser.scss
5 error D node_modules/node-sass/test/fixtures/spec/spec/libsass-todo-tests/bourbon/lib/helpers/_render-gradients.scss
5 error D node_modules/node-sass/test/fixtures/spec/spec/libsass-todo-tests/bourbon/lib/helpers/_shape-size-stripper.scss
5 error D node_modules/node-sass/test/fixtures/spec/spec/libsass-todo-tests/css_unicode/expected_output.css
5 error D node_modules/node-sass/test/fixtures/spec/spec/libsass-todo-tests/css_unicode/input.scss
5 error D node_modules/node-sass/test/fixtures/spec/spec/libsass-todo-tests/newlines_removed_from_selectors_when_compressed/expected_output.css
5 error D node_modules/node-sass/test/fixtures/spec/spec/libsass-todo-tests/newlines_removed_from_selectors_when_compressed/input.scss
5 error D node_modules/node-sass/test/fixtures/spec/spec/libsass-todo-tests/newlines_removed_from_selectors_when_compressed/options.cfg
5 error D node_modules/node-sass/test/fixtures/spec/spec/libsass-todo-tests/options_passed_to_script/expected_output.css
5 error D node_modules/node-sass/test/fixtures/spec/spec/libsass-todo-tests/options_passed_to_script/input.scss
5 error D node_modules/node-sass/test/fixtures/spec/spec/libsass-todo-tests/options_passed_to_script/options.cfg
5 error D node_modules/node-sass/test/fixtures/spec/spec/libsass/list-evaluation/expected_output.css
5 error D node_modules/node-sass/test/fixtures/spec/spec/libsass/list-evaluation/input.scss
5 error D node_modules/node-sass/test/fixtures/spec/spec/scss-tests/047_test_unknown_directive_bubbling/expected_output.css
5 error D node_modules/node-sass/test/fixtures/spec/spec/scss-tests/047_test_unknown_directive_bubbling/input.scss
5 error D node_modules/node-sass/test/fixtures/spec/spec/scss-tests/135_test_simple_at_root/expected_output.css
5 error D node_modules/node-sass/test/fixtures/spec/spec/scss-tests/135_test_simple_at_root/input.scss
5 error D node_modules/node-sass/test/fixtures/spec/spec/scss-tests/136_test_at_root_with_selector/expected_output.css
5 error D node_modules/node-sass/test/fixtures/spec/spec/scss-tests/136_test_at_root_with_selector/input.scss
5 error D node_modules/node-sass/test/fixtures/spec/spec/scss-tests/137_test_at_root_in_mixin/expected_output.css
5 error D node_modules/node-sass/test/fixtures/spec/spec/scss-tests/137_test_at_root_in_mixin/input.scss
5 error D node_modules/node-sass/test/fixtures/spec/spec/scss-tests/138_test_at_root_in_media/expected_output.css
5 error D node_modules/node-sass/test/fixtures/spec/spec/scss-tests/138_test_at_root_in_media/input.scss
5 error D node_modules/node-sass/test/fixtures/spec/spec/scss-tests/139_test_at_root_in_bubbled_media/expected_output.css
5 error D node_modules/node-sass/test/fixtures/spec/spec/scss-tests/139_test_at_root_in_bubbled_media/input.scss
5 error D node_modules/node-sass/test/fixtures/spec/spec/scss-tests/140_test_at_root_in_unknown_directive/expected_output.css
5 error D node_modules/node-sass/test/fixtures/spec/spec/scss-tests/140_test_at_root_in_unknown_directive/input.scss
5 error D node_modules/node-sass/test/fixtures/spec/spec/scss/env/expected_output.css
5 error D node_modules/node-sass/test/fixtures/spec/spec/scss/env/input.scss
5 error D node_modules/node-sass/test/fixtures/spec/spec/scss/if-in-function/expected_output.css
5 error D node_modules/node-sass/test/fixtures/spec/spec/scss/if-in-function/input.scss
5 error D node_modules/node-sass/test/fixtures/spec/spec/scss/selectors/expected_output.css
5 error D node_modules/node-sass/test/fixtures/spec/spec/scss/selectors/input.scss
5 error D node_modules/node-sass/test/fixtures/spec/spec/scss/unquote/expected_output.css
5 error D node_modules/node-sass/test/fixtures/spec/spec/scss/unquote/input.scss
5 error D node_modules/node-sass/vendor/win32-x64/binding.node
5 error M npm-debug.log
5 error M package.json
5 error D talapa-1.0.0.tgz
5 error     at C:\Program Files (x86)\nodejs\node_modules\npm\lib\version.js:91:33
5 error     at ChildProcess.exithandler (child_process.js:646:7)
5 error     at ChildProcess.emit (events.js:98:17)
5 error     at maybeClose (child_process.js:756:16)
5 error     at Socket.<anonymous> (child_process.js:969:11)
5 error     at Socket.emit (events.js:95:17)
5 error     at Pipe.close (net.js:465:12)
6 error If you need help, you may report this *entire* log,
6 error including the npm and node versions, at:
6 error     <http://github.com/npm/npm/issues>
7 error System Windows_NT 6.2.9200
8 error command "C:\\Program Files (x86)\\nodejs\\\\node.exe" "C:\\Program Files (x86)\\nodejs\\node_modules\\npm\\bin\\npm-cli.js" "version" "patch"
9 error cwd D:\Talapa
10 error node -v v0.10.33
11 error npm -v 1.4.28
12 verbose exit [ 1, true ]
